<?xml version="1.0" encoding="UTF-8"?>
<!-- Generated by org.testng.reporters.JUnitXMLReporter -->
<testsuite ignored="0" hostname="NSL-6491" failures="1" tests="3" name="Test1" time="10.85" errors="0" timestamp="2022-06-20T13:53:09 IST">
  <testcase classname="io.cucumber.testng.AbstractTestNGCucumberTests" name="runScenario" time="3.947"/>
  <testcase classname="io.cucumber.testng.AbstractTestNGCucumberTests" name="runScenario" time="3.733"/>
  <testcase classname="io.cucumber.testng.AbstractTestNGCucumberTests" name="runScenario" time="0.092">
    <failure type="java.lang.NullPointerException" message="Cannot invoke &amp;quot;org.openqa.selenium.interactions.Actions.moveToElement(org.openqa.selenium.WebElement)&amp;quot; because &amp;quot;OLXTests.OlxTest.action&amp;quot; is null">
      <![CDATA[java.lang.NullPointerException: Cannot invoke "org.openqa.selenium.interactions.Actions.moveToElement(org.openqa.selenium.WebElement)" because "OLXTests.OlxTest.action" is null
at OLXTests.OlxTest.clickOnLogin(OlxTest.java:76)
at OLXDefinitions.DefinitionsClass.user_will_click_on_login(DefinitionsClass.java:61)
at ✽.user will click on login(file:///C:/Users/Anjalip/eclipse-workspace/OLXCucumber/OLXAssessment/./src/test/java/OLXFeatures/OLXFeatures.feature:38)
]]>
    </failure>
  </testcase> <!-- runScenario -->
</testsuite> <!-- Test1 -->
