<?xml version="1.0" encoding="UTF-8"?>
<!-- Generated by org.testng.reporters.JUnitXMLReporter -->
<testsuite ignored="0" hostname="NSL-6491" failures="1" tests="3" name="Test" time="9.48" errors="0" timestamp="2022-06-20T13:52:58 IST">
  <testcase classname="io.cucumber.testng.AbstractTestNGCucumberTests" name="runScenario" time="3.534"/>
  <testcase classname="io.cucumber.testng.AbstractTestNGCucumberTests" name="runScenario" time="2.64"/>
  <testcase classname="io.cucumber.testng.AbstractTestNGCucumberTests" name="runScenario" time="0.081">
    <failure type="java.lang.AssertionError" message="expected [Mobiles in India, Free classifieds in India | OLX] but found [for sale in India | OLX]">
      <![CDATA[java.lang.AssertionError: expected [Mobiles in India, Free classifieds in India | OLX] but found [for sale in India | OLX]
at OLXDefinitions.DefinitionsClass.user_should_be_on_home_age(DefinitionsClass.java:54)
at ✽.user should be on home age(file:///C:/Users/Anjalip/eclipse-workspace/OLXCucumber/OLXAssessment/./src/test/java/OLXFeatures/OLXFeatures.feature:37)
... Removed 6 stack frames]]>
    </failure>
  </testcase> <!-- runScenario -->
</testsuite> <!-- Test -->
