<?xml version="1.0" encoding="UTF-8"?>
<testng-results ignored="0" total="6" passed="4" failed="2" skipped="0">
  <reporter-output>
  </reporter-output>
  <suite started-at="2022-06-20T13:52:48 IST" name="Suite" finished-at="2022-06-20T13:53:09 IST" duration-ms="20366">
    <groups>
      <group name="cucumber">
        <method signature="AbstractTestNGCucumberTests.runScenario(io.cucumber.testng.PickleWrapper,io.cucumber.testng.FeatureWrapper)[pri:0, instance:OLXRunner.RunnerMain@5a45133e]" name="runScenario" class="io.cucumber.testng.AbstractTestNGCucumberTests"/>
        <method signature="AbstractTestNGCucumberTests.runScenario(io.cucumber.testng.PickleWrapper,io.cucumber.testng.FeatureWrapper)[pri:0, instance:OLXRunner.RunnerMain@53fe15ff]" name="runScenario" class="io.cucumber.testng.AbstractTestNGCucumberTests"/>
      </group> <!-- cucumber -->
    </groups>
    <test started-at="2022-06-20T13:52:48 IST" name="Test" finished-at="2022-06-20T13:52:58 IST" duration-ms="9480">
      <class name="OLXRunner.RunnerMain">
        <test-method is-config="true" signature="setUpClass(org.testng.ITestContext)[pri:0, instance:OLXRunner.RunnerMain@5a45133e]" started-at="2022-06-20T13:52:48 IST" name="setUpClass" finished-at="2022-06-20T13:52:48 IST" duration-ms="244" status="PASS">
          <params>
            <param index="0">
              <value>
                <![CDATA[org.testng.TestRunner@58472096]]>
              </value>
            </param>
          </params>
          <reporter-output>
          </reporter-output>
        </test-method> <!-- setUpClass -->
        <test-method is-config="true" signature="setUPClass(java.lang.String)[pri:0, instance:OLXRunner.RunnerMain@5a45133e]" started-at="2022-06-20T13:52:48 IST" name="setUPClass" finished-at="2022-06-20T13:52:50 IST" duration-ms="1558" status="PASS">
          <params>
            <param index="0">
              <value>
                <![CDATA[browserName1]]>
              </value>
            </param>
          </params>
          <reporter-output>
          </reporter-output>
        </test-method> <!-- setUPClass -->
        <test-method signature="runScenario(io.cucumber.testng.PickleWrapper,io.cucumber.testng.FeatureWrapper)[pri:0, instance:OLXRunner.RunnerMain@5a45133e]" started-at="2022-06-20T13:52:50 IST" name="runScenario" description="Runs Cucumber Scenarios" data-provider="scenarios" finished-at="2022-06-20T13:52:54 IST" duration-ms="3534" status="PASS">
          <params>
            <param index="0">
              <value>
                <![CDATA["search Product"]]>
              </value>
            </param>
            <param index="1">
              <value>
                <![CDATA["OLX"]]>
              </value>
            </param>
          </params>
          <reporter-output>
          </reporter-output>
        </test-method> <!-- runScenario -->
        <test-method is-config="true" signature="result(org.testng.ITestResult)[pri:0, instance:OLXRunner.RunnerMain@5a45133e]" started-at="2022-06-20T13:52:54 IST" name="result" finished-at="2022-06-20T13:52:54 IST" duration-ms="1" status="PASS">
          <params>
            <param index="0">
              <value>
                <![CDATA[[TestResult name=runScenario status=SUCCESS method=AbstractTestNGCucumberTests.runScenario(io.cucumber.testng.PickleWrapper,io.cucumber.testng.FeatureWrapper)[pri:0, instance:OLXRunner.RunnerMain@5a45133e] output={null}]]]>
              </value>
            </param>
          </params>
          <reporter-output>
          </reporter-output>
        </test-method> <!-- result -->
        <test-method signature="runScenario(io.cucumber.testng.PickleWrapper,io.cucumber.testng.FeatureWrapper)[pri:0, instance:OLXRunner.RunnerMain@5a45133e]" started-at="2022-06-20T13:52:54 IST" name="runScenario" description="Runs Cucumber Scenarios" data-provider="scenarios" finished-at="2022-06-20T13:52:56 IST" duration-ms="2640" status="PASS">
          <params>
            <param index="0">
              <value>
                <![CDATA["search Product"]]>
              </value>
            </param>
            <param index="1">
              <value>
                <![CDATA["OLX"]]>
              </value>
            </param>
          </params>
          <reporter-output>
          </reporter-output>
        </test-method> <!-- runScenario -->
        <test-method is-config="true" signature="result(org.testng.ITestResult)[pri:0, instance:OLXRunner.RunnerMain@5a45133e]" started-at="2022-06-20T13:52:56 IST" name="result" finished-at="2022-06-20T13:52:56 IST" duration-ms="1" status="PASS">
          <params>
            <param index="0">
              <value>
                <![CDATA[[TestResult name=runScenario status=SUCCESS method=AbstractTestNGCucumberTests.runScenario(io.cucumber.testng.PickleWrapper,io.cucumber.testng.FeatureWrapper)[pri:0, instance:OLXRunner.RunnerMain@5a45133e] output={null}]]]>
              </value>
            </param>
          </params>
          <reporter-output>
          </reporter-output>
        </test-method> <!-- result -->
        <test-method signature="runScenario(io.cucumber.testng.PickleWrapper,io.cucumber.testng.FeatureWrapper)[pri:0, instance:OLXRunner.RunnerMain@5a45133e]" started-at="2022-06-20T13:52:56 IST" name="runScenario" description="Runs Cucumber Scenarios" data-provider="scenarios" finished-at="2022-06-20T13:52:56 IST" duration-ms="81" status="FAIL">
          <params>
            <param index="0">
              <value>
                <![CDATA["login"]]>
              </value>
            </param>
            <param index="1">
              <value>
                <![CDATA["OLX"]]>
              </value>
            </param>
          </params>
          <exception class="java.lang.AssertionError">
            <message>
              <![CDATA[expected [Mobiles in India, Free classifieds in India | OLX] but found [for sale in India | OLX]]]>
            </message>
            <full-stacktrace>
              <![CDATA[java.lang.AssertionError: expected [Mobiles in India, Free classifieds in India | OLX] but found [for sale in India | OLX]
at org.testng.Assert.fail(Assert.java:110)
at org.testng.Assert.failNotEquals(Assert.java:1413)
at org.testng.Assert.assertEqualsImpl(Assert.java:149)
at org.testng.Assert.assertEquals(Assert.java:131)
at org.testng.Assert.assertEquals(Assert.java:655)
at org.testng.Assert.assertEquals(Assert.java:665)
at OLXDefinitions.DefinitionsClass.user_should_be_on_home_age(DefinitionsClass.java:54)
at ✽.user should be on home age(file:///C:/Users/Anjalip/eclipse-workspace/OLXCucumber/OLXAssessment/./src/test/java/OLXFeatures/OLXFeatures.feature:37)
]]>
            </full-stacktrace>
          </exception> <!-- java.lang.AssertionError -->
          <reporter-output>
          </reporter-output>
        </test-method> <!-- runScenario -->
        <test-method is-config="true" signature="result(org.testng.ITestResult)[pri:0, instance:OLXRunner.RunnerMain@5a45133e]" started-at="2022-06-20T13:52:56 IST" name="result" finished-at="2022-06-20T13:52:57 IST" duration-ms="1039" status="PASS">
          <params>
            <param index="0">
              <value>
                <![CDATA[[TestResult name=runScenario status=FAILURE method=AbstractTestNGCucumberTests.runScenario(io.cucumber.testng.PickleWrapper,io.cucumber.testng.FeatureWrapper)[pri:0, instance:OLXRunner.RunnerMain@5a45133e] output={null}]]]>
              </value>
            </param>
          </params>
          <reporter-output>
          </reporter-output>
        </test-method> <!-- result -->
        <test-method is-config="true" signature="afterClass()[pri:0, instance:OLXRunner.RunnerMain@5a45133e]" started-at="2022-06-20T13:52:57 IST" name="afterClass" finished-at="2022-06-20T13:52:58 IST" duration-ms="322" status="PASS">
          <reporter-output>
          </reporter-output>
        </test-method> <!-- afterClass -->
        <test-method is-config="true" signature="tearDownClass()[pri:0, instance:OLXRunner.RunnerMain@5a45133e]" started-at="2022-06-20T13:52:58 IST" name="tearDownClass" finished-at="2022-06-20T13:52:58 IST" duration-ms="4" status="PASS">
          <reporter-output>
          </reporter-output>
        </test-method> <!-- tearDownClass -->
      </class> <!-- OLXRunner.RunnerMain -->
    </test> <!-- Test -->
    <test started-at="2022-06-20T13:52:58 IST" name="Test1" finished-at="2022-06-20T13:53:09 IST" duration-ms="10850">
      <class name="OLXRunner.RunnerMain">
        <test-method is-config="true" signature="setUpClass(org.testng.ITestContext)[pri:0, instance:OLXRunner.RunnerMain@53fe15ff]" started-at="2022-06-20T13:52:58 IST" name="setUpClass" finished-at="2022-06-20T13:52:58 IST" duration-ms="16" status="PASS">
          <params>
            <param index="0">
              <value>
                <![CDATA[org.testng.TestRunner@a92be4f]]>
              </value>
            </param>
          </params>
          <reporter-output>
          </reporter-output>
        </test-method> <!-- setUpClass -->
        <test-method is-config="true" signature="setUPClass(java.lang.String)[pri:0, instance:OLXRunner.RunnerMain@53fe15ff]" started-at="2022-06-20T13:52:58 IST" name="setUPClass" finished-at="2022-06-20T13:53:00 IST" duration-ms="2732" status="PASS">
          <params>
            <param index="0">
              <value>
                <![CDATA[browserName2]]>
              </value>
            </param>
          </params>
          <reporter-output>
          </reporter-output>
        </test-method> <!-- setUPClass -->
        <test-method signature="runScenario(io.cucumber.testng.PickleWrapper,io.cucumber.testng.FeatureWrapper)[pri:0, instance:OLXRunner.RunnerMain@53fe15ff]" started-at="2022-06-20T13:53:00 IST" name="runScenario" description="Runs Cucumber Scenarios" data-provider="scenarios" finished-at="2022-06-20T13:53:04 IST" duration-ms="3947" status="PASS">
          <params>
            <param index="0">
              <value>
                <![CDATA["search Product"]]>
              </value>
            </param>
            <param index="1">
              <value>
                <![CDATA["OLX"]]>
              </value>
            </param>
          </params>
          <reporter-output>
          </reporter-output>
        </test-method> <!-- runScenario -->
        <test-method is-config="true" signature="result(org.testng.ITestResult)[pri:0, instance:OLXRunner.RunnerMain@53fe15ff]" started-at="2022-06-20T13:53:04 IST" name="result" finished-at="2022-06-20T13:53:04 IST" duration-ms="0" status="PASS">
          <params>
            <param index="0">
              <value>
                <![CDATA[[TestResult name=runScenario status=SUCCESS method=AbstractTestNGCucumberTests.runScenario(io.cucumber.testng.PickleWrapper,io.cucumber.testng.FeatureWrapper)[pri:0, instance:OLXRunner.RunnerMain@53fe15ff] output={null}]]]>
              </value>
            </param>
          </params>
          <reporter-output>
          </reporter-output>
        </test-method> <!-- result -->
        <test-method signature="runScenario(io.cucumber.testng.PickleWrapper,io.cucumber.testng.FeatureWrapper)[pri:0, instance:OLXRunner.RunnerMain@53fe15ff]" started-at="2022-06-20T13:53:04 IST" name="runScenario" description="Runs Cucumber Scenarios" data-provider="scenarios" finished-at="2022-06-20T13:53:08 IST" duration-ms="3733" status="PASS">
          <params>
            <param index="0">
              <value>
                <![CDATA["search Product"]]>
              </value>
            </param>
            <param index="1">
              <value>
                <![CDATA["OLX"]]>
              </value>
            </param>
          </params>
          <reporter-output>
          </reporter-output>
        </test-method> <!-- runScenario -->
        <test-method is-config="true" signature="result(org.testng.ITestResult)[pri:0, instance:OLXRunner.RunnerMain@53fe15ff]" started-at="2022-06-20T13:53:08 IST" name="result" finished-at="2022-06-20T13:53:08 IST" duration-ms="1" status="PASS">
          <params>
            <param index="0">
              <value>
                <![CDATA[[TestResult name=runScenario status=SUCCESS method=AbstractTestNGCucumberTests.runScenario(io.cucumber.testng.PickleWrapper,io.cucumber.testng.FeatureWrapper)[pri:0, instance:OLXRunner.RunnerMain@53fe15ff] output={null}]]]>
              </value>
            </param>
          </params>
          <reporter-output>
          </reporter-output>
        </test-method> <!-- result -->
        <test-method signature="runScenario(io.cucumber.testng.PickleWrapper,io.cucumber.testng.FeatureWrapper)[pri:0, instance:OLXRunner.RunnerMain@53fe15ff]" started-at="2022-06-20T13:53:08 IST" name="runScenario" description="Runs Cucumber Scenarios" data-provider="scenarios" finished-at="2022-06-20T13:53:08 IST" duration-ms="92" status="FAIL">
          <params>
            <param index="0">
              <value>
                <![CDATA["login"]]>
              </value>
            </param>
            <param index="1">
              <value>
                <![CDATA["OLX"]]>
              </value>
            </param>
          </params>
          <exception class="java.lang.NullPointerException">
            <message>
              <![CDATA[Cannot invoke "org.openqa.selenium.interactions.Actions.moveToElement(org.openqa.selenium.WebElement)" because "OLXTests.OlxTest.action" is null]]>
            </message>
            <full-stacktrace>
              <![CDATA[java.lang.NullPointerException: Cannot invoke "org.openqa.selenium.interactions.Actions.moveToElement(org.openqa.selenium.WebElement)" because "OLXTests.OlxTest.action" is null
at OLXTests.OlxTest.clickOnLogin(OlxTest.java:76)
at OLXDefinitions.DefinitionsClass.user_will_click_on_login(DefinitionsClass.java:61)
at ✽.user will click on login(file:///C:/Users/Anjalip/eclipse-workspace/OLXCucumber/OLXAssessment/./src/test/java/OLXFeatures/OLXFeatures.feature:38)
]]>
            </full-stacktrace>
          </exception> <!-- java.lang.NullPointerException -->
          <reporter-output>
          </reporter-output>
        </test-method> <!-- runScenario -->
        <test-method is-config="true" signature="result(org.testng.ITestResult)[pri:0, instance:OLXRunner.RunnerMain@53fe15ff]" started-at="2022-06-20T13:53:08 IST" name="result" finished-at="2022-06-20T13:53:08 IST" duration-ms="206" status="PASS">
          <params>
            <param index="0">
              <value>
                <![CDATA[[TestResult name=runScenario status=FAILURE method=AbstractTestNGCucumberTests.runScenario(io.cucumber.testng.PickleWrapper,io.cucumber.testng.FeatureWrapper)[pri:0, instance:OLXRunner.RunnerMain@53fe15ff] output={null}]]]>
              </value>
            </param>
          </params>
          <reporter-output>
          </reporter-output>
        </test-method> <!-- result -->
        <test-method is-config="true" signature="afterClass()[pri:0, instance:OLXRunner.RunnerMain@53fe15ff]" started-at="2022-06-20T13:53:08 IST" name="afterClass" finished-at="2022-06-20T13:53:09 IST" duration-ms="99" status="PASS">
          <reporter-output>
          </reporter-output>
        </test-method> <!-- afterClass -->
        <test-method is-config="true" signature="tearDownClass()[pri:0, instance:OLXRunner.RunnerMain@53fe15ff]" started-at="2022-06-20T13:53:09 IST" name="tearDownClass" finished-at="2022-06-20T13:53:09 IST" duration-ms="17" status="PASS">
          <reporter-output>
          </reporter-output>
        </test-method> <!-- tearDownClass -->
      </class> <!-- OLXRunner.RunnerMain -->
    </test> <!-- Test1 -->
  </suite> <!-- Suite -->
</testng-results>
